<?xml version="1.0" encoding="UTF-8"?>
<testng-results skipped="0" failed="0" ignored="0" total="1" passed="1">
  <reporter-output>
  </reporter-output>
  <suite name="Default suite" duration-ms="3939" started-at="2020-11-24T23:32:24Z" finished-at="2020-11-24T23:32:28Z">
    <groups>
      <group name="cucumber">
        <method signature="AbstractTestNGCucumberTests.feature(cucumber.api.testng.CucumberFeatureWrapper)[pri:0, instance:testrunner.com.TestRunner@e25b2fe]" name="feature" class="cucumber.api.testng.AbstractTestNGCucumberTests"/>
      </group> <!-- cucumber -->
    </groups>
    <test name="Default test" duration-ms="3939" started-at="2020-11-24T23:32:24Z" finished-at="2020-11-24T23:32:28Z">
      <class name="testrunner.com.TestRunner">
        <test-method status="PASS" signature="setUpClass()[pri:0, instance:testrunner.com.TestRunner@e25b2fe]" name="setUpClass" is-config="true" duration-ms="135" started-at="2020-11-24T23:32:24Z" finished-at="2020-11-24T23:32:24Z">
          <reporter-output>
          </reporter-output>
        </test-method> <!-- setUpClass -->
        <test-method status="PASS" signature="feature(cucumber.api.testng.CucumberFeatureWrapper)[pri:0, instance:testrunner.com.TestRunner@e25b2fe]" name="feature" duration-ms="3722" started-at="2020-11-24T23:32:24Z" description="Runs Cucumber Feature" data-provider="features" finished-at="2020-11-24T23:32:28Z">
          <params>
            <param index="0">
              <value>
                <![CDATA[amazon logain functionality test]]>
              </value>
            </param>
          </params>
          <reporter-output>
          </reporter-output>
        </test-method> <!-- feature -->
        <test-method status="PASS" signature="tearDownClass()[pri:0, instance:testrunner.com.TestRunner@e25b2fe]" name="tearDownClass" is-config="true" duration-ms="3" started-at="2020-11-24T23:32:28Z" finished-at="2020-11-24T23:32:28Z">
          <reporter-output>
          </reporter-output>
        </test-method> <!-- tearDownClass -->
      </class> <!-- testrunner.com.TestRunner -->
    </test> <!-- Default test -->
  </suite> <!-- Default suite -->
</testng-results>
